<?xml version="1.0" encoding="UTF-8"?>
<!-- Generated by org.testng.reporters.JUnitReportReporter -->
<testsuite hostname="DESKTOP-CUD7F0B" failures="0" tests="1" name="TestCases.LoginPageTest" time="6.827" errors="0" timestamp="2022-04-07T23:59:55 IST" skipped="0">
  <testcase classname="TestCases.LoginPageTest" name="validateLoginPageTitle" time="6.827"/>
  <system-out/>
</testsuite> <!-- TestCases.LoginPageTest -->
